Could not find conda environment: toy_classification_env
You can list all discoverable environments with `conda info --envs`.

Defaulting to user installation because normal site-packages is not writeable
Requirement already satisfied: scikit-learn==0.24.2 in /home/schaud31/.local/lib/python3.8/site-packages (from -r requirements.txt (line 1)) (0.24.2)
Requirement already satisfied: tqdm==4.64.1 in /home/schaud31/.local/lib/python3.8/site-packages (from -r requirements.txt (line 2)) (4.64.1)
Requirement already satisfied: numpy==1.20 in /home/schaud31/.local/lib/python3.8/site-packages (from -r requirements.txt (line 3)) (1.20.0)
Requirement already satisfied: transformers==4.26.1 in /home/schaud31/.local/lib/python3.8/site-packages (from -r requirements.txt (line 4)) (4.26.1)
Requirement already satisfied: datasets==2.10.0 in /home/schaud31/.local/lib/python3.8/site-packages (from -r requirements.txt (line 5)) (2.10.0)
Requirement already satisfied: evaluate==0.4.0 in /home/schaud31/.local/lib/python3.8/site-packages (from -r requirements.txt (line 6)) (0.4.0)
Requirement already satisfied: matplotlib==3.7.1 in /home/schaud31/.local/lib/python3.8/site-packages (from -r requirements.txt (line 7)) (3.7.1)
Requirement already satisfied: torch in /home/schaud31/.local/lib/python3.8/site-packages (from -r requirements.txt (line 8)) (1.13.1)
Requirement already satisfied: torchvision in /home/schaud31/.local/lib/python3.8/site-packages (from -r requirements.txt (line 9)) (0.14.1)
Requirement already satisfied: torchaudio in /home/schaud31/.local/lib/python3.8/site-packages (from -r requirements.txt (line 10)) (0.13.1)
Requirement already satisfied: scipy>=0.19.1 in /data/apps/linux-centos8-cascadelake/gcc-9.3.0/anaconda3-2020.07-i7qavhiohb2uwqs4eqjeefzx3kp5jqdu/lib/python3.8/site-packages (from scikit-learn==0.24.2->-r requirements.txt (line 1)) (1.5.0)
Requirement already satisfied: threadpoolctl>=2.0.0 in /data/apps/linux-centos8-cascadelake/gcc-9.3.0/anaconda3-2020.07-i7qavhiohb2uwqs4eqjeefzx3kp5jqdu/lib/python3.8/site-packages (from scikit-learn==0.24.2->-r requirements.txt (line 1)) (2.1.0)
Requirement already satisfied: joblib>=0.11 in /data/apps/linux-centos8-cascadelake/gcc-9.3.0/anaconda3-2020.07-i7qavhiohb2uwqs4eqjeefzx3kp5jqdu/lib/python3.8/site-packages (from scikit-learn==0.24.2->-r requirements.txt (line 1)) (0.16.0)
Requirement already satisfied: regex!=2019.12.17 in /data/apps/linux-centos8-cascadelake/gcc-9.3.0/anaconda3-2020.07-i7qavhiohb2uwqs4eqjeefzx3kp5jqdu/lib/python3.8/site-packages (from transformers==4.26.1->-r requirements.txt (line 4)) (2020.6.8)
Requirement already satisfied: requests in /data/apps/linux-centos8-cascadelake/gcc-9.3.0/anaconda3-2020.07-i7qavhiohb2uwqs4eqjeefzx3kp5jqdu/lib/python3.8/site-packages (from transformers==4.26.1->-r requirements.txt (line 4)) (2.24.0)
Requirement already satisfied: filelock in /data/apps/linux-centos8-cascadelake/gcc-9.3.0/anaconda3-2020.07-i7qavhiohb2uwqs4eqjeefzx3kp5jqdu/lib/python3.8/site-packages (from transformers==4.26.1->-r requirements.txt (line 4)) (3.0.12)
Requirement already satisfied: huggingface-hub<1.0,>=0.11.0 in /home/schaud31/.local/lib/python3.8/site-packages (from transformers==4.26.1->-r requirements.txt (line 4)) (0.13.1)
Requirement already satisfied: packaging>=20.0 in /data/apps/linux-centos8-cascadelake/gcc-9.3.0/anaconda3-2020.07-i7qavhiohb2uwqs4eqjeefzx3kp5jqdu/lib/python3.8/site-packages (from transformers==4.26.1->-r requirements.txt (line 4)) (20.4)
Requirement already satisfied: tokenizers!=0.11.3,<0.14,>=0.11.1 in /home/schaud31/.local/lib/python3.8/site-packages (from transformers==4.26.1->-r requirements.txt (line 4)) (0.13.2)
Requirement already satisfied: pyyaml>=5.1 in /data/apps/linux-centos8-cascadelake/gcc-9.3.0/anaconda3-2020.07-i7qavhiohb2uwqs4eqjeefzx3kp5jqdu/lib/python3.8/site-packages (from transformers==4.26.1->-r requirements.txt (line 4)) (5.3.1)
Requirement already satisfied: multiprocess in /home/schaud31/.local/lib/python3.8/site-packages (from datasets==2.10.0->-r requirements.txt (line 5)) (0.70.14)
Requirement already satisfied: responses<0.19 in /home/schaud31/.local/lib/python3.8/site-packages (from datasets==2.10.0->-r requirements.txt (line 5)) (0.18.0)
Requirement already satisfied: xxhash in /home/schaud31/.local/lib/python3.8/site-packages (from datasets==2.10.0->-r requirements.txt (line 5)) (3.2.0)
Requirement already satisfied: pyarrow>=6.0.0 in /home/schaud31/.local/lib/python3.8/site-packages (from datasets==2.10.0->-r requirements.txt (line 5)) (11.0.0)
Requirement already satisfied: pandas in /data/apps/linux-centos8-cascadelake/gcc-9.3.0/anaconda3-2020.07-i7qavhiohb2uwqs4eqjeefzx3kp5jqdu/lib/python3.8/site-packages (from datasets==2.10.0->-r requirements.txt (line 5)) (1.0.5)
Requirement already satisfied: dill<0.3.7,>=0.3.0 in /home/schaud31/.local/lib/python3.8/site-packages (from datasets==2.10.0->-r requirements.txt (line 5)) (0.3.6)
Requirement already satisfied: fsspec[http]>=2021.11.1 in /home/schaud31/.local/lib/python3.8/site-packages (from datasets==2.10.0->-r requirements.txt (line 5)) (2023.3.0)
Requirement already satisfied: aiohttp in /home/schaud31/.local/lib/python3.8/site-packages (from datasets==2.10.0->-r requirements.txt (line 5)) (3.8.4)
Requirement already satisfied: fonttools>=4.22.0 in /home/schaud31/.local/lib/python3.8/site-packages (from matplotlib==3.7.1->-r requirements.txt (line 7)) (4.39.0)
Requirement already satisfied: python-dateutil>=2.7 in /data/apps/linux-centos8-cascadelake/gcc-9.3.0/anaconda3-2020.07-i7qavhiohb2uwqs4eqjeefzx3kp5jqdu/lib/python3.8/site-packages (from matplotlib==3.7.1->-r requirements.txt (line 7)) (2.8.1)
Requirement already satisfied: pyparsing>=2.3.1 in /data/apps/linux-centos8-cascadelake/gcc-9.3.0/anaconda3-2020.07-i7qavhiohb2uwqs4eqjeefzx3kp5jqdu/lib/python3.8/site-packages (from matplotlib==3.7.1->-r requirements.txt (line 7)) (2.4.7)
Requirement already satisfied: importlib-resources>=3.2.0; python_version < "3.10" in /home/schaud31/.local/lib/python3.8/site-packages (from matplotlib==3.7.1->-r requirements.txt (line 7)) (5.12.0)
Requirement already satisfied: pillow>=6.2.0 in /data/apps/linux-centos8-cascadelake/gcc-9.3.0/anaconda3-2020.07-i7qavhiohb2uwqs4eqjeefzx3kp5jqdu/lib/python3.8/site-packages (from matplotlib==3.7.1->-r requirements.txt (line 7)) (7.2.0)
Requirement already satisfied: cycler>=0.10 in /data/apps/linux-centos8-cascadelake/gcc-9.3.0/anaconda3-2020.07-i7qavhiohb2uwqs4eqjeefzx3kp5jqdu/lib/python3.8/site-packages (from matplotlib==3.7.1->-r requirements.txt (line 7)) (0.10.0)
Requirement already satisfied: kiwisolver>=1.0.1 in /data/apps/linux-centos8-cascadelake/gcc-9.3.0/anaconda3-2020.07-i7qavhiohb2uwqs4eqjeefzx3kp5jqdu/lib/python3.8/site-packages (from matplotlib==3.7.1->-r requirements.txt (line 7)) (1.2.0)
Requirement already satisfied: contourpy>=1.0.1 in /home/schaud31/.local/lib/python3.8/site-packages (from matplotlib==3.7.1->-r requirements.txt (line 7)) (1.0.7)
Requirement already satisfied: nvidia-cublas-cu11==11.10.3.66; platform_system == "Linux" in /home/schaud31/.local/lib/python3.8/site-packages (from torch->-r requirements.txt (line 8)) (11.10.3.66)
Requirement already satisfied: nvidia-cuda-runtime-cu11==11.7.99; platform_system == "Linux" in /home/schaud31/.local/lib/python3.8/site-packages (from torch->-r requirements.txt (line 8)) (11.7.99)
Requirement already satisfied: typing-extensions in /home/schaud31/.local/lib/python3.8/site-packages (from torch->-r requirements.txt (line 8)) (4.5.0)
Requirement already satisfied: nvidia-cudnn-cu11==8.5.0.96; platform_system == "Linux" in /home/schaud31/.local/lib/python3.8/site-packages (from torch->-r requirements.txt (line 8)) (8.5.0.96)
Requirement already satisfied: nvidia-cuda-nvrtc-cu11==11.7.99; platform_system == "Linux" in /home/schaud31/.local/lib/python3.8/site-packages (from torch->-r requirements.txt (line 8)) (11.7.99)
Requirement already satisfied: urllib3!=1.25.0,!=1.25.1,<1.26,>=1.21.1 in /data/apps/linux-centos8-cascadelake/gcc-9.3.0/anaconda3-2020.07-i7qavhiohb2uwqs4eqjeefzx3kp5jqdu/lib/python3.8/site-packages (from requests->transformers==4.26.1->-r requirements.txt (line 4)) (1.25.9)
Requirement already satisfied: idna<3,>=2.5 in /data/apps/linux-centos8-cascadelake/gcc-9.3.0/anaconda3-2020.07-i7qavhiohb2uwqs4eqjeefzx3kp5jqdu/lib/python3.8/site-packages (from requests->transformers==4.26.1->-r requirements.txt (line 4)) (2.10)
Requirement already satisfied: certifi>=2017.4.17 in /data/apps/linux-centos8-cascadelake/gcc-9.3.0/anaconda3-2020.07-i7qavhiohb2uwqs4eqjeefzx3kp5jqdu/lib/python3.8/site-packages (from requests->transformers==4.26.1->-r requirements.txt (line 4)) (2020.6.20)
Requirement already satisfied: chardet<4,>=3.0.2 in /data/apps/linux-centos8-cascadelake/gcc-9.3.0/anaconda3-2020.07-i7qavhiohb2uwqs4eqjeefzx3kp5jqdu/lib/python3.8/site-packages (from requests->transformers==4.26.1->-r requirements.txt (line 4)) (3.0.4)
Requirement already satisfied: six in /data/apps/linux-centos8-cascadelake/gcc-9.3.0/anaconda3-2020.07-i7qavhiohb2uwqs4eqjeefzx3kp5jqdu/lib/python3.8/site-packages (from packaging>=20.0->transformers==4.26.1->-r requirements.txt (line 4)) (1.15.0)
Requirement already satisfied: pytz>=2017.2 in /data/apps/linux-centos8-cascadelake/gcc-9.3.0/anaconda3-2020.07-i7qavhiohb2uwqs4eqjeefzx3kp5jqdu/lib/python3.8/site-packages (from pandas->datasets==2.10.0->-r requirements.txt (line 5)) (2020.1)
Requirement already satisfied: async-timeout<5.0,>=4.0.0a3 in /home/schaud31/.local/lib/python3.8/site-packages (from aiohttp->datasets==2.10.0->-r requirements.txt (line 5)) (4.0.2)
Requirement already satisfied: yarl<2.0,>=1.0 in /home/schaud31/.local/lib/python3.8/site-packages (from aiohttp->datasets==2.10.0->-r requirements.txt (line 5)) (1.8.2)
Requirement already satisfied: multidict<7.0,>=4.5 in /home/schaud31/.local/lib/python3.8/site-packages (from aiohttp->datasets==2.10.0->-r requirements.txt (line 5)) (6.0.4)
Requirement already satisfied: aiosignal>=1.1.2 in /home/schaud31/.local/lib/python3.8/site-packages (from aiohttp->datasets==2.10.0->-r requirements.txt (line 5)) (1.3.1)
Requirement already satisfied: attrs>=17.3.0 in /data/apps/linux-centos8-cascadelake/gcc-9.3.0/anaconda3-2020.07-i7qavhiohb2uwqs4eqjeefzx3kp5jqdu/lib/python3.8/site-packages (from aiohttp->datasets==2.10.0->-r requirements.txt (line 5)) (19.3.0)
Requirement already satisfied: frozenlist>=1.1.1 in /home/schaud31/.local/lib/python3.8/site-packages (from aiohttp->datasets==2.10.0->-r requirements.txt (line 5)) (1.3.3)
Requirement already satisfied: charset-normalizer<4.0,>=2.0 in /home/schaud31/.local/lib/python3.8/site-packages (from aiohttp->datasets==2.10.0->-r requirements.txt (line 5)) (3.1.0)
Requirement already satisfied: zipp>=3.1.0; python_version < "3.10" in /data/apps/linux-centos8-cascadelake/gcc-9.3.0/anaconda3-2020.07-i7qavhiohb2uwqs4eqjeefzx3kp5jqdu/lib/python3.8/site-packages (from importlib-resources>=3.2.0; python_version < "3.10"->matplotlib==3.7.1->-r requirements.txt (line 7)) (3.1.0)
Requirement already satisfied: setuptools in /data/apps/linux-centos8-cascadelake/gcc-9.3.0/anaconda3-2020.07-i7qavhiohb2uwqs4eqjeefzx3kp5jqdu/lib/python3.8/site-packages (from nvidia-cublas-cu11==11.10.3.66; platform_system == "Linux"->torch->-r requirements.txt (line 8)) (49.2.0.post20200714)
Requirement already satisfied: wheel in /data/apps/linux-centos8-cascadelake/gcc-9.3.0/anaconda3-2020.07-i7qavhiohb2uwqs4eqjeefzx3kp5jqdu/lib/python3.8/site-packages (from nvidia-cublas-cu11==11.10.3.66; platform_system == "Linux"->torch->-r requirements.txt (line 8)) (0.34.2)
Found cached dataset boolq (/home/schaud31/.cache/huggingface/datasets/boolq/default/0.1.0/bf0dd57da941c50de94ae3ce3cef7fea48c08f337a4b7aac484e9dddc5aa24e5)
Specified arguments: Namespace(batch_size=80, device='cuda', experiment='overfit', lr=0.0001, model='distilbert-base-uncased', num_epochs=30, small_subset='False')
Loading the dataset ...
  0%|          | 0/2 [00:00<?, ?it/s]100%|██████████| 2/2 [00:00<00:00, 805.36it/s]
Some weights of the model checkpoint at distilbert-base-uncased were not used when initializing DistilBertForSequenceClassification: ['vocab_transform.weight', 'vocab_layer_norm.bias', 'vocab_layer_norm.weight', 'vocab_projector.weight', 'vocab_projector.bias', 'vocab_transform.bias']
- This IS expected if you are initializing DistilBertForSequenceClassification from the checkpoint of a model trained on another task or with another architecture (e.g. initializing a BertForSequenceClassification model from a BertForPreTraining model).
- This IS NOT expected if you are initializing DistilBertForSequenceClassification from the checkpoint of a model that you expect to be exactly identical (initializing a BertForSequenceClassification model from a BertForSequenceClassification model).
Some weights of DistilBertForSequenceClassification were not initialized from the model checkpoint at distilbert-base-uncased and are newly initialized: ['pre_classifier.bias', 'classifier.weight', 'classifier.bias', 'pre_classifier.weight']
You should probably TRAIN this model on a down-stream task to be able to use it for predictions and inference.
huggingface/tokenizers: The current process just got forked, after parallelism has already been used. Disabling parallelism to avoid deadlocks...
To disable this warning, you can either:
	- Avoid using `tokenizers` before the fork if possible
	- Explicitly set the environment variable TOKENIZERS_PARALLELISM=(true | false)
Slicing the data...
Loading the tokenizer...
Loding the data into DS...
 >>>>>>>> Initializing the data loaders ... 
Loading the model ...
Moving model to device ...cuda
 >>>>>>>>  Starting training ... 
 >>>>>>>>  Initializing optimizer
Epoch 1 training:
 ===> Epoch 1
 - Average training metrics: accuracy=0.632
 - Average validation metrics: accuracy=0.6535168195718655
Epoch 2 training:
 ===> Epoch 2
 - Average training metrics: accuracy=0.7055
 - Average validation metrics: accuracy=0.6926605504587156
Epoch 3 training:
 ===> Epoch 3
 - Average training metrics: accuracy=0.813125
 - Average validation metrics: accuracy=0.690519877675841
Epoch 4 training:
 ===> Epoch 4
 - Average training metrics: accuracy=0.88275
 - Average validation metrics: accuracy=0.681651376146789
Epoch 5 training:
 ===> Epoch 5
 - Average training metrics: accuracy=0.922375
 - Average validation metrics: accuracy=0.6568807339449542
Epoch 6 training:
 ===> Epoch 6
 - Average training metrics: accuracy=0.95425
 - Average validation metrics: accuracy=0.7079510703363915
Epoch 7 training:
 ===> Epoch 7
 - Average training metrics: accuracy=0.96075
 - Average validation metrics: accuracy=0.6954128440366972
Epoch 8 training:
 ===> Epoch 8
 - Average training metrics: accuracy=0.96525
 - Average validation metrics: accuracy=0.6868501529051988
Epoch 9 training:
 ===> Epoch 9
 - Average training metrics: accuracy=0.975125
 - Average validation metrics: accuracy=0.6935779816513762
Epoch 10 training:
 ===> Epoch 10
 - Average training metrics: accuracy=0.98
 - Average validation metrics: accuracy=0.6935779816513762
Epoch 11 training:
 ===> Epoch 11
 - Average training metrics: accuracy=0.98175
 - Average validation metrics: accuracy=0.6926605504587156
Epoch 12 training:
 ===> Epoch 12
 - Average training metrics: accuracy=0.986625
 - Average validation metrics: accuracy=0.7070336391437309
Epoch 13 training:
 ===> Epoch 13
 - Average training metrics: accuracy=0.98925
 - Average validation metrics: accuracy=0.7058103975535168
Epoch 14 training:
 ===> Epoch 14
 - Average training metrics: accuracy=0.99225
 - Average validation metrics: accuracy=0.7018348623853211
Epoch 15 training:
 ===> Epoch 15
 - Average training metrics: accuracy=0.993125
 - Average validation metrics: accuracy=0.710091743119266
Epoch 16 training:
 ===> Epoch 16
 - Average training metrics: accuracy=0.994375
 - Average validation metrics: accuracy=0.7064220183486238
Epoch 17 training:
 ===> Epoch 17
 - Average training metrics: accuracy=0.996875
 - Average validation metrics: accuracy=0.7055045871559633
Epoch 18 training:
 ===> Epoch 18
 - Average training metrics: accuracy=0.99725
 - Average validation metrics: accuracy=0.7076452599388379
Epoch 19 training:
 ===> Epoch 19
 - Average training metrics: accuracy=0.99775
 - Average validation metrics: accuracy=0.7045871559633028
Epoch 20 training:
 ===> Epoch 20
 - Average training metrics: accuracy=0.997625
 - Average validation metrics: accuracy=0.7122324159021407
Epoch 21 training:
 ===> Epoch 21
 - Average training metrics: accuracy=0.997375
 - Average validation metrics: accuracy=0.7079510703363915
Epoch 22 training:
 ===> Epoch 22
 - Average training metrics: accuracy=0.99725
 - Average validation metrics: accuracy=0.708868501529052
Epoch 23 training:
 ===> Epoch 23
 - Average training metrics: accuracy=0.998
 - Average validation metrics: accuracy=0.7091743119266055
Epoch 24 training:
 ===> Epoch 24
 - Average training metrics: accuracy=0.998
 - Average validation metrics: accuracy=0.7064220183486238
Epoch 25 training:
 ===> Epoch 25
 - Average training metrics: accuracy=0.998875
 - Average validation metrics: accuracy=0.7143730886850153
Epoch 26 training:
 ===> Epoch 26
 - Average training metrics: accuracy=0.99925
 - Average validation metrics: accuracy=0.7119266055045872
Epoch 27 training:
 ===> Epoch 27
 - Average training metrics: accuracy=0.998875
 - Average validation metrics: accuracy=0.7085626911314985
Epoch 28 training:
 ===> Epoch 28
 - Average training metrics: accuracy=0.9995
 - Average validation metrics: accuracy=0.7076452599388379
Epoch 29 training:
 ===> Epoch 29
 - Average training metrics: accuracy=0.9995
 - Average validation metrics: accuracy=0.7113149847094801
Epoch 30 training:
 ===> Epoch 30
 - Average training metrics: accuracy=0.9995
 - Average validation metrics: accuracy=0.710703363914373
torch.cuda.memory_allocated: 0.504796GB
torch.cuda.memory_reserved: 7.558594GB
torch.cuda.max_memory_reserved: 7.558594GB
Fri Mar 10 23:05:26 2023       
+-----------------------------------------------------------------------------+
| NVIDIA-SMI 460.56       Driver Version: 460.56       CUDA Version: 11.2     |
|-------------------------------+----------------------+----------------------+
| GPU  Name        Persistence-M| Bus-Id        Disp.A | Volatile Uncorr. ECC |
| Fan  Temp  Perf  Pwr:Usage/Cap|         Memory-Usage | GPU-Util  Compute M. |
|                               |                      |               MIG M. |
|===============================+======================+======================|
|   0  Graphics Device     On   | 00000000:17:00.0 Off |                   On |
| N/A   48C    P0   113W / 300W |  16022MiB / 81251MiB |     N/A      Default |
|                               |                      |              Enabled |
+-------------------------------+----------------------+----------------------+
|   1  Graphics Device     On   | 00000000:31:00.0 Off |                   On |
| N/A   31C    P0    44W / 300W |     13MiB / 81251MiB |     N/A      Default |
|                               |                      |              Enabled |
+-------------------------------+----------------------+----------------------+
|   2  Graphics Device     On   | 00000000:B1:00.0 Off |                   On |
| N/A   31C    P0    42W / 300W |     13MiB / 81251MiB |     N/A      Default |
|                               |                      |              Enabled |
+-------------------------------+----------------------+----------------------+
|   3  Graphics Device     On   | 00000000:CA:00.0 Off |                   On |
| N/A   30C    P0    44W / 300W |     13MiB / 81251MiB |     N/A      Default |
|                               |                      |              Enabled |
+-------------------------------+----------------------+----------------------+

+-----------------------------------------------------------------------------+
| MIG devices:                                                                |
+------------------+----------------------+-----------+-----------------------+
| GPU  GI  CI  MIG |         Memory-Usage |        Vol|         Shared        |
|      ID  ID  Dev |           BAR1-Usage | SM     Unc| CE  ENC  DEC  OFA  JPG|
|                  |                      |        ECC|                       |
|==================+======================+===========+=======================|
|  0    8   0   0  |   8662MiB /  9728MiB | 14      0 |  1   0    0    0    0 |
|                  |      4MiB / 16383MiB |           |                       |
+------------------+----------------------+-----------+-----------------------+
                                                                               
+-----------------------------------------------------------------------------+
| Processes:                                                                  |
|  GPU   GI   CI        PID   Type   Process name                  GPU Memory |
|        ID   ID                                                   Usage      |
|=============================================================================|
|    0    8    0      23380      C   ...jeefzx3kp5jqdu/bin/python     8657MiB |
+-----------------------------------------------------------------------------+

 - Average DEV metrics: accuracy=0.710703363914373
 - Average TEST metrics: accuracy=0.7070777855641205
